[12:43:56] [ServerMain/WARN]: COM exception: Invalid Class Win32_Processor
[12:43:56] [ServerMain/WARN]: COM exception: Invalid Class Win32_VideoController
[12:43:56] [ServerMain/WARN]: COM exception: Invalid Class Win32_PhysicalMemory
[12:43:56] [ServerMain/WARN]: Failed to add PDH Counter: \Paging File(_Total)\% Usage, Error code: 0xC0000BB8
[12:43:56] [ServerMain/WARN]: Failed to add counter for PDH counter: \Paging File(_Total)\% Usage
[12:43:56] [ServerMain/WARN]: Disabling further attempts to query Paging File.
[12:43:56] [ServerMain/WARN]: COM exception: Invalid Class Win32_PerfRawData_PerfOS_PagingFile
[12:43:58] [ServerMain/INFO]: Building unoptimized datafixer
[12:43:59] [ServerMain/INFO]: Environment: authHost='https://authserver.mojang.com', accountsHost='https://api.mojang.com', sessionHost='https://sessionserver.mojang.com', servicesHost='https://api.minecraftservices.com', name='PROD'
[12:43:59] [ServerMain/INFO]: Found new data pack file/bukkit, loading it automatically
[12:44:03] [ServerMain/INFO]: Loaded 7 recipes
[12:44:04] [Server thread/INFO]: Starting minecraft server version 1.19.2
[12:44:04] [Server thread/INFO]: Loading properties
[12:44:04] [Server thread/INFO]: This server is running CraftBukkit version 3610-Spigot-6198b5a-19df23a (MC: 1.19.2) (Implementing API version 1.19.2-R0.1-SNAPSHOT)
[12:44:04] [Server thread/INFO]: Debug logging is disabled
[12:44:04] [Server thread/INFO]: Server Ping Player Sample Count: 12
[12:44:04] [Server thread/INFO]: Using 4 threads for Netty based IO
[12:44:04] [Server thread/INFO]: Default game type: SURVIVAL
[12:44:04] [Server thread/INFO]: Generating keypair
[12:44:05] [Server thread/INFO]: Starting Minecraft server on *:25565
[12:44:05] [Server thread/INFO]: Using default channel type
[12:44:07] [Server thread/WARN]: **** SERVER IS RUNNING IN OFFLINE/INSECURE MODE!
[12:44:07] [Server thread/WARN]: The server will make no attempt to authenticate usernames. Beware.
[12:44:07] [Server thread/WARN]: While this makes the game possible to play without internet access, it also opens up the ability for hackers to connect with any username they choose.
[12:44:07] [Server thread/WARN]: To change this, set "online-mode" to "true" in the server.properties file.
[12:44:07] [Server thread/INFO]: Preparing level "world"
[12:44:07] [Server thread/INFO]: -------- World Settings For [world] --------
[12:44:07] [Server thread/INFO]: Allow Zombie Pigmen to spawn from portal blocks: true
[12:44:07] [Server thread/INFO]: Item Despawn Rate: 6000
[12:44:07] [Server thread/INFO]: Item Merge Radius: 2.5
[12:44:07] [Server thread/INFO]: Experience Merge Radius: 3.0
[12:44:07] [Server thread/INFO]: Mob Spawn Range: 6
[12:44:07] [Server thread/INFO]: Cactus Growth Modifier: 100%
[12:44:07] [Server thread/INFO]: Cane Growth Modifier: 100%
[12:44:07] [Server thread/INFO]: Melon Growth Modifier: 100%
[12:44:07] [Server thread/INFO]: Mushroom Growth Modifier: 100%
[12:44:07] [Server thread/INFO]: Pumpkin Growth Modifier: 100%
[12:44:07] [Server thread/INFO]: Sapling Growth Modifier: 100%
[12:44:07] [Server thread/INFO]: Beetroot Growth Modifier: 100%
[12:44:07] [Server thread/INFO]: Carrot Growth Modifier: 100%
[12:44:07] [Server thread/INFO]: Potato Growth Modifier: 100%
[12:44:07] [Server thread/INFO]: Wheat Growth Modifier: 100%
[12:44:07] [Server thread/INFO]: NetherWart Growth Modifier: 100%
[12:44:07] [Server thread/INFO]: Vine Growth Modifier: 100%
[12:44:07] [Server thread/INFO]: Cocoa Growth Modifier: 100%
[12:44:07] [Server thread/INFO]: Bamboo Growth Modifier: 100%
[12:44:07] [Server thread/INFO]: SweetBerry Growth Modifier: 100%
[12:44:07] [Server thread/INFO]: Kelp Growth Modifier: 100%
[12:44:07] [Server thread/INFO]: TwistingVines Growth Modifier: 100%
[12:44:07] [Server thread/INFO]: WeepingVines Growth Modifier: 100%
[12:44:07] [Server thread/INFO]: CaveVines Growth Modifier: 100%
[12:44:07] [Server thread/INFO]: Entity Tracking Range: Pl 48 / An 48 / Mo 48 / Mi 32 / Other 64
[12:44:07] [Server thread/INFO]: Hopper Transfer: 8 Hopper Check: 1 Hopper Amount: 1 Hopper Can Load Chunks: false
[12:44:07] [Server thread/INFO]: Entity Activation Range: An 32 / Mo 32 / Ra 48 / Mi 16 / Tiv true / Isa false
[12:44:07] [Server thread/INFO]: Custom Map Seeds:  Village: 10387312 Desert: 14357617 Igloo: 14357618 Jungle: 14357619 Swamp: 14357620 Monument: 10387313 Ocean: 14357621 Shipwreck: 165745295 End City: 10387313 Slime: 987234911 Nether: 30084232 Mansion: 10387319 Fossil: 14357921 Portal: 34222645
[12:44:07] [Server thread/INFO]: Tile Max Tick Time: 50ms Entity max Tick Time: 50ms
[12:44:07] [Server thread/INFO]: Max TNT Explosions: 100
[12:44:07] [Server thread/INFO]: View Distance: 10
[12:44:07] [Server thread/INFO]: Simulation Distance: 10
[12:44:07] [Server thread/INFO]: Arrow Despawn Rate: 1200 Trident Respawn Rate:1200
[12:44:07] [Server thread/INFO]: Nerfing mobs spawned from spawners: false
[12:44:07] [Server thread/INFO]: Zombie Aggressive Towards Villager: true
[12:44:23] [Server thread/INFO]: -------- World Settings For [world_nether] --------
[12:44:23] [Server thread/INFO]: Allow Zombie Pigmen to spawn from portal blocks: true
[12:44:23] [Server thread/INFO]: Item Despawn Rate: 6000
[12:44:23] [Server thread/INFO]: Item Merge Radius: 2.5
[12:44:23] [Server thread/INFO]: Experience Merge Radius: 3.0
[12:44:23] [Server thread/INFO]: Mob Spawn Range: 6
[12:44:23] [Server thread/INFO]: Cactus Growth Modifier: 100%
[12:44:23] [Server thread/INFO]: Cane Growth Modifier: 100%
[12:44:23] [Server thread/INFO]: Melon Growth Modifier: 100%
[12:44:23] [Server thread/INFO]: Mushroom Growth Modifier: 100%
[12:44:23] [Server thread/INFO]: Pumpkin Growth Modifier: 100%
[12:44:23] [Server thread/INFO]: Sapling Growth Modifier: 100%
[12:44:23] [Server thread/INFO]: Beetroot Growth Modifier: 100%
[12:44:23] [Server thread/INFO]: Carrot Growth Modifier: 100%
[12:44:23] [Server thread/INFO]: Potato Growth Modifier: 100%
[12:44:23] [Server thread/INFO]: Wheat Growth Modifier: 100%
[12:44:23] [Server thread/INFO]: NetherWart Growth Modifier: 100%
[12:44:23] [Server thread/INFO]: Vine Growth Modifier: 100%
[12:44:23] [Server thread/INFO]: Cocoa Growth Modifier: 100%
[12:44:23] [Server thread/INFO]: Bamboo Growth Modifier: 100%
[12:44:23] [Server thread/INFO]: SweetBerry Growth Modifier: 100%
[12:44:23] [Server thread/INFO]: Kelp Growth Modifier: 100%
[12:44:23] [Server thread/INFO]: TwistingVines Growth Modifier: 100%
[12:44:23] [Server thread/INFO]: WeepingVines Growth Modifier: 100%
[12:44:23] [Server thread/INFO]: CaveVines Growth Modifier: 100%
[12:44:23] [Server thread/INFO]: Entity Tracking Range: Pl 48 / An 48 / Mo 48 / Mi 32 / Other 64
[12:44:23] [Server thread/INFO]: Hopper Transfer: 8 Hopper Check: 1 Hopper Amount: 1 Hopper Can Load Chunks: false
[12:44:23] [Server thread/INFO]: Entity Activation Range: An 32 / Mo 32 / Ra 48 / Mi 16 / Tiv true / Isa false
[12:44:23] [Server thread/INFO]: Custom Map Seeds:  Village: 10387312 Desert: 14357617 Igloo: 14357618 Jungle: 14357619 Swamp: 14357620 Monument: 10387313 Ocean: 14357621 Shipwreck: 165745295 End City: 10387313 Slime: 987234911 Nether: 30084232 Mansion: 10387319 Fossil: 14357921 Portal: 34222645
[12:44:23] [Server thread/INFO]: Tile Max Tick Time: 50ms Entity max Tick Time: 50ms
[12:44:23] [Server thread/INFO]: Max TNT Explosions: 100
[12:44:23] [Server thread/INFO]: View Distance: 10
[12:44:23] [Server thread/INFO]: Simulation Distance: 10
[12:44:23] [Server thread/INFO]: Arrow Despawn Rate: 1200 Trident Respawn Rate:1200
[12:44:23] [Server thread/INFO]: Nerfing mobs spawned from spawners: false
[12:44:23] [Server thread/INFO]: Zombie Aggressive Towards Villager: true
[12:44:28] [Server thread/INFO]: -------- World Settings For [world_the_end] --------
[12:44:28] [Server thread/INFO]: Allow Zombie Pigmen to spawn from portal blocks: true
[12:44:28] [Server thread/INFO]: Item Despawn Rate: 6000
[12:44:28] [Server thread/INFO]: Item Merge Radius: 2.5
[12:44:28] [Server thread/INFO]: Experience Merge Radius: 3.0
[12:44:28] [Server thread/INFO]: Mob Spawn Range: 6
[12:44:28] [Server thread/INFO]: Cactus Growth Modifier: 100%
[12:44:28] [Server thread/INFO]: Cane Growth Modifier: 100%
[12:44:28] [Server thread/INFO]: Melon Growth Modifier: 100%
[12:44:28] [Server thread/INFO]: Mushroom Growth Modifier: 100%
[12:44:28] [Server thread/INFO]: Pumpkin Growth Modifier: 100%
[12:44:28] [Server thread/INFO]: Sapling Growth Modifier: 100%
[12:44:28] [Server thread/INFO]: Beetroot Growth Modifier: 100%
[12:44:28] [Server thread/INFO]: Carrot Growth Modifier: 100%
[12:44:28] [Server thread/INFO]: Potato Growth Modifier: 100%
[12:44:28] [Server thread/INFO]: Wheat Growth Modifier: 100%
[12:44:28] [Server thread/INFO]: NetherWart Growth Modifier: 100%
[12:44:28] [Server thread/INFO]: Vine Growth Modifier: 100%
[12:44:28] [Server thread/INFO]: Cocoa Growth Modifier: 100%
[12:44:28] [Server thread/INFO]: Bamboo Growth Modifier: 100%
[12:44:28] [Server thread/INFO]: SweetBerry Growth Modifier: 100%
[12:44:28] [Server thread/INFO]: Kelp Growth Modifier: 100%
[12:44:28] [Server thread/INFO]: TwistingVines Growth Modifier: 100%
[12:44:28] [Server thread/INFO]: WeepingVines Growth Modifier: 100%
[12:44:28] [Server thread/INFO]: CaveVines Growth Modifier: 100%
[12:44:28] [Server thread/INFO]: Entity Tracking Range: Pl 48 / An 48 / Mo 48 / Mi 32 / Other 64
[12:44:28] [Server thread/INFO]: Hopper Transfer: 8 Hopper Check: 1 Hopper Amount: 1 Hopper Can Load Chunks: false
[12:44:28] [Server thread/INFO]: Entity Activation Range: An 32 / Mo 32 / Ra 48 / Mi 16 / Tiv true / Isa false
[12:44:28] [Server thread/INFO]: Custom Map Seeds:  Village: 10387312 Desert: 14357617 Igloo: 14357618 Jungle: 14357619 Swamp: 14357620 Monument: 10387313 Ocean: 14357621 Shipwreck: 165745295 End City: 10387313 Slime: 987234911 Nether: 30084232 Mansion: 10387319 Fossil: 14357921 Portal: 34222645
[12:44:28] [Server thread/INFO]: Tile Max Tick Time: 50ms Entity max Tick Time: 50ms
[12:44:28] [Server thread/INFO]: Max TNT Explosions: 100
[12:44:28] [Server thread/INFO]: View Distance: 10
[12:44:28] [Server thread/INFO]: Simulation Distance: 10
[12:44:28] [Server thread/INFO]: Arrow Despawn Rate: 1200 Trident Respawn Rate:1200
[12:44:28] [Server thread/INFO]: Nerfing mobs spawned from spawners: false
[12:44:28] [Server thread/INFO]: Zombie Aggressive Towards Villager: true
[12:44:29] [Server thread/INFO]: Preparing start region for dimension minecraft:overworld
[12:44:30] [Worker-Main-3/INFO]: Preparing spawn area: 0%
[12:44:30] [Worker-Main-3/INFO]: Preparing spawn area: 0%
[12:44:30] [Worker-Main-3/INFO]: Preparing spawn area: 0%
[12:44:31] [Worker-Main-5/INFO]: Preparing spawn area: 0%
[12:44:31] [Worker-Main-5/INFO]: Preparing spawn area: 0%
[12:44:32] [Worker-Main-2/INFO]: Preparing spawn area: 0%
[12:44:32] [Worker-Main-4/INFO]: Preparing spawn area: 0%
[12:44:33] [Worker-Main-1/INFO]: Preparing spawn area: 0%
[12:44:33] [Worker-Main-1/INFO]: Preparing spawn area: 1%
[12:44:34] [Worker-Main-3/INFO]: Preparing spawn area: 3%
[12:44:34] [Worker-Main-5/INFO]: Preparing spawn area: 4%
[12:44:35] [Worker-Main-2/INFO]: Preparing spawn area: 6%
[12:44:35] [Worker-Main-3/INFO]: Preparing spawn area: 7%
[12:44:36] [Worker-Main-4/INFO]: Preparing spawn area: 9%
[12:44:36] [Worker-Main-5/INFO]: Preparing spawn area: 11%
[12:44:37] [Worker-Main-3/INFO]: Preparing spawn area: 12%
[12:44:37] [Worker-Main-5/INFO]: Preparing spawn area: 15%
[12:44:38] [Worker-Main-5/INFO]: Preparing spawn area: 17%
[12:44:38] [Worker-Main-1/INFO]: Preparing spawn area: 21%
[12:44:39] [Worker-Main-5/INFO]: Preparing spawn area: 23%
[12:44:39] [Worker-Main-3/INFO]: Preparing spawn area: 27%
[12:44:40] [Worker-Main-3/INFO]: Preparing spawn area: 30%
[12:44:40] [Worker-Main-4/INFO]: Preparing spawn area: 32%
[12:44:41] [Worker-Main-2/INFO]: Preparing spawn area: 36%
[12:44:41] [Worker-Main-3/INFO]: Preparing spawn area: 39%
[12:44:42] [Worker-Main-3/INFO]: Preparing spawn area: 42%
[12:44:42] [Worker-Main-5/INFO]: Preparing spawn area: 45%
[12:44:43] [Worker-Main-3/INFO]: Preparing spawn area: 48%
[12:44:43] [Worker-Main-3/INFO]: Preparing spawn area: 51%
[12:44:44] [Worker-Main-3/INFO]: Preparing spawn area: 54%
[12:44:44] [Worker-Main-2/INFO]: Preparing spawn area: 57%
[12:44:45] [Worker-Main-2/INFO]: Preparing spawn area: 60%
[12:44:45] [Worker-Main-5/INFO]: Preparing spawn area: 63%
[12:44:46] [Worker-Main-2/INFO]: Preparing spawn area: 68%
[12:44:46] [Worker-Main-1/INFO]: Preparing spawn area: 70%
[12:44:47] [Worker-Main-4/INFO]: Preparing spawn area: 71%
[12:44:47] [Worker-Main-3/INFO]: Preparing spawn area: 73%
[12:44:48] [Worker-Main-1/INFO]: Preparing spawn area: 78%
[12:44:48] [Worker-Main-2/INFO]: Preparing spawn area: 83%
[12:44:49] [Worker-Main-5/INFO]: Preparing spawn area: 86%
[12:44:49] [Worker-Main-4/INFO]: Preparing spawn area: 89%
[12:44:50] [Worker-Main-2/INFO]: Preparing spawn area: 93%
[12:44:50] [Worker-Main-2/INFO]: Preparing spawn area: 98%
[12:44:50] [Server thread/INFO]: Time elapsed: 21190 ms
[12:44:50] [Server thread/INFO]: Preparing start region for dimension minecraft:the_nether
[12:44:51] [Worker-Main-5/INFO]: Preparing spawn area: 2%
[12:44:51] [Worker-Main-3/INFO]: Preparing spawn area: 3%
[12:44:51] [Worker-Main-3/INFO]: Preparing spawn area: 6%
[12:44:52] [Worker-Main-5/INFO]: Preparing spawn area: 10%
[12:44:53] [Worker-Main-3/INFO]: Preparing spawn area: 15%
[12:44:53] [Worker-Main-4/INFO]: Preparing spawn area: 17%
[12:44:53] [Worker-Main-2/INFO]: Preparing spawn area: 23%
[12:44:54] [Worker-Main-4/INFO]: Preparing spawn area: 26%
[12:44:54] [Worker-Main-3/INFO]: Preparing spawn area: 32%
[12:44:55] [Worker-Main-5/INFO]: Preparing spawn area: 35%
[12:44:55] [Worker-Main-2/INFO]: Preparing spawn area: 41%
[12:44:56] [Worker-Main-5/INFO]: Preparing spawn area: 44%
[12:44:56] [Worker-Main-3/INFO]: Preparing spawn area: 48%
[12:44:57] [Worker-Main-5/INFO]: Preparing spawn area: 55%
[12:44:57] [Worker-Main-1/INFO]: Preparing spawn area: 58%
[12:44:58] [Worker-Main-4/INFO]: Preparing spawn area: 62%
[12:44:58] [Worker-Main-4/INFO]: Preparing spawn area: 69%
[12:44:59] [Worker-Main-3/INFO]: Preparing spawn area: 72%
[12:44:59] [Worker-Main-2/INFO]: Preparing spawn area: 76%
[12:45:00] [Worker-Main-1/INFO]: Preparing spawn area: 83%
[12:45:00] [Worker-Main-4/INFO]: Preparing spawn area: 86%
[12:45:01] [Worker-Main-2/INFO]: Preparing spawn area: 89%
[12:45:01] [Worker-Main-1/INFO]: Preparing spawn area: 95%
[12:45:02] [Server thread/INFO]: Time elapsed: 11305 ms
[12:45:02] [Server thread/INFO]: Preparing start region for dimension minecraft:the_end
[12:45:02] [Worker-Main-1/INFO]: Preparing spawn area: 0%
[12:45:02] [Worker-Main-2/INFO]: Preparing spawn area: 4%
[12:45:03] [Worker-Main-3/INFO]: Preparing spawn area: 44%
[12:45:03] [Server thread/INFO]: Time elapsed: 1484 ms
[12:45:03] [Server thread/INFO]: Done (56.224s)! For help, type "help"
[12:45:04] [Server thread/INFO]: Made Alfa a server operator
[12:45:13] [Server thread/INFO]: Nothing changed. The player already is an operator
[12:45:14] [Server thread/INFO]: Stopping server
[12:45:14] [Server thread/INFO]: Saving players
[12:45:15] [Server thread/INFO]: Saving worlds
[12:45:16] [Server thread/INFO]: Saving chunks for level 'ServerLevel[world]'/minecraft:overworld
[12:45:17] [Server thread/INFO]: Saving chunks for level 'ServerLevel[world_nether]'/minecraft:the_nether
[12:45:17] [Server thread/INFO]: Saving chunks for level 'ServerLevel[world_the_end]'/minecraft:the_end
[12:45:17] [Server thread/INFO]: ThreadedAnvilChunkStorage (world): All chunks are saved
[12:45:17] [Server thread/INFO]: ThreadedAnvilChunkStorage (DIM-1): All chunks are saved
[12:45:17] [Server thread/INFO]: ThreadedAnvilChunkStorage (DIM1): All chunks are saved
[12:45:17] [Server thread/INFO]: ThreadedAnvilChunkStorage: All dimensions are saved
